<?xml version="1.0" encoding="UTF-8"?>
<!-- Generated by org.testng.reporters.JUnitReportReporter -->
<testsuite hostname="SINDHUJAs-MBP" failures="0" tests="9" name="com.EmployeeAPI.TestCases.TC01_GET_AllEmployees" time="0.032" errors="0" timestamp="2020-01-20T19:17:06 CST" skipped="0">
  <testcase classname="com.EmployeeAPI.TestCases.TC01_GET_AllEmployees" name="checkServerType" time="0.001"/>
  <system-out/>
  <testcase classname="com.EmployeeAPI.TestCases.TC01_GET_AllEmployees" name="checkContentEncoding" time="0.008"/>
  <system-out/>
  <testcase classname="com.EmployeeAPI.TestCases.TC01_GET_AllEmployees" name="checkContentType" time="0.001"/>
  <system-out/>
  <testcase classname="com.EmployeeAPI.TestCases.TC01_GET_AllEmployees" name="checkCookies" time="0.001"/>
  <system-out/>
  <testcase classname="com.EmployeeAPI.TestCases.TC01_GET_AllEmployees" name="checkStatusCode" time="0.001"/>
  <system-out/>
  <testcase classname="com.EmployeeAPI.TestCases.TC01_GET_AllEmployees" name="checkStatusLine" time="0.001"/>
  <system-out/>
  <testcase classname="com.EmployeeAPI.TestCases.TC01_GET_AllEmployees" name="checkResponseBody" time="0.017"/>
  <system-out/>
  <testcase classname="com.EmployeeAPI.TestCases.TC01_GET_AllEmployees" name="checkContentLength" time="0.001"/>
  <system-out/>
  <testcase classname="com.EmployeeAPI.TestCases.TC01_GET_AllEmployees" name="checkResponseTime" time="0.001"/>
  <system-out/>
</testsuite> <!-- com.EmployeeAPI.TestCases.TC01_GET_AllEmployees -->
